0 info it worked if it ends with ok
1 verbose cli [ '/usr/bin/node', '/usr/bin/npm', 'run', 'run' ]
2 info using npm@4.1.1
3 info using node@v7.4.0
4 verbose run-script [ 'prerun', 'run', 'postrun' ]
5 info lifecycle hmm@1.0.0~prerun: hmm@1.0.0
6 silly lifecycle hmm@1.0.0~prerun: no script for prerun, continuing
7 info lifecycle hmm@1.0.0~run: hmm@1.0.0
8 verbose lifecycle hmm@1.0.0~run: unsafe-perm in lifecycle true
9 verbose lifecycle hmm@1.0.0~run: PATH: /usr/lib/node_modules/npm/bin/node-gyp-bin:/opt/lampp/htdocs/hmm/node_modules/.bin:/usr/local/sbin:/usr/local/bin:/usr/bin:/usr/lib/jvm/default/bin:/usr/bin/site_perl:/usr/bin/vendor_perl:/usr/bin/core_perl:/home/archie/.config/composer/vendor/bin/
10 verbose lifecycle hmm@1.0.0~run: CWD: /opt/lampp/htdocs/hmm
11 silly lifecycle hmm@1.0.0~run: Args: [ '-c', 'webpack --watch --optimize-minimize' ]
12 silly lifecycle hmm@1.0.0~run: Returned: code: 1  signal: null
13 info lifecycle hmm@1.0.0~run: Failed to exec run script
14 verbose stack Error: hmm@1.0.0 run: `webpack --watch --optimize-minimize`
14 verbose stack Exit status 1
14 verbose stack     at EventEmitter.<anonymous> (/usr/lib/node_modules/npm/lib/utils/lifecycle.js:279:16)
14 verbose stack     at emitTwo (events.js:106:13)
14 verbose stack     at EventEmitter.emit (events.js:191:7)
14 verbose stack     at ChildProcess.<anonymous> (/usr/lib/node_modules/npm/lib/utils/spawn.js:40:14)
14 verbose stack     at emitTwo (events.js:106:13)
14 verbose stack     at ChildProcess.emit (events.js:191:7)
14 verbose stack     at maybeClose (internal/child_process.js:885:16)
14 verbose stack     at Process.ChildProcess._handle.onexit (internal/child_process.js:226:5)
15 verbose pkgid hmm@1.0.0
16 verbose cwd /opt/lampp/htdocs/hmm
17 error Linux 4.8.13-1-ARCH
18 error argv "/usr/bin/node" "/usr/bin/npm" "run" "run"
19 error node v7.4.0
20 error npm  v4.1.1
21 error code ELIFECYCLE
22 error hmm@1.0.0 run: `webpack --watch --optimize-minimize`
22 error Exit status 1
23 error Failed at the hmm@1.0.0 run script 'webpack --watch --optimize-minimize'.
23 error Make sure you have the latest version of node.js and npm installed.
23 error If you do, this is most likely a problem with the hmm package,
23 error not with npm itself.
23 error Tell the author that this fails on your system:
23 error     webpack --watch --optimize-minimize
23 error You can get information on how to open an issue for this project with:
23 error     npm bugs hmm
23 error Or if that isn't available, you can get their info via:
23 error     npm owner ls hmm
23 error There is likely additional logging output above.
24 verbose exit [ 1, true ]
